<?xml version="1.0" encoding="UTF-8"?>
<!-- Generated by org.testng.reporters.JUnitXMLReporter -->
<testsuite ignored="0" hostname="NGOCHUY" failures="0" tests="5" name="Default test" time="1.632" errors="0" timestamp="2023-05-11T18:07:38 ICT">
  <testcase classname="testcase.TC_API_CreateWork" name="TC01_Validate201Created" time="0.006"/>
  <testcase classname="testcase.TC_API_CreateWork" name="TC02_ValidateWorkId" time="0.001"/>
  <testcase classname="testcase.TC_API_CreateWork" name="TC03_ValidateNameOfWorkMatched" time="0.353"/>
  <testcase classname="testcase.TC_API_CreateWork" name="TC03_ValidateExperienceMatched" time="0.008"/>
  <testcase classname="testcase.TC_API_CreateWork" name="TC03_ValidateEducationMatched" time="0.007"/>
</testsuite> <!-- Default test -->
