<?xml version="1.0" encoding="UTF-8"?>
<!-- Generated by org.testng.reporters.JUnitXMLReporter -->
<testsuite ignored="0" hostname="NGOCHUY" failures="0" tests="5" name="Test2" time="0.151" errors="0" timestamp="2023-05-11T18:09:24 ICT">
  <testcase classname="testcase.TC_API_CreateWork" name="TC01_Validate201Created" time="0.001"/>
  <testcase classname="testcase.TC_API_CreateWork" name="TC02_ValidateWorkId" time="0.001"/>
  <testcase classname="testcase.TC_API_CreateWork" name="TC03_ValidateNameOfWorkMatched" time="0.009"/>
  <testcase classname="testcase.TC_API_CreateWork" name="TC03_ValidateExperienceMatched" time="0.01"/>
  <testcase classname="testcase.TC_API_CreateWork" name="TC03_ValidateEducationMatched" time="0.01"/>
</testsuite> <!-- Test2 -->
