<?xml version="1.0" encoding="UTF-8"?>
<!-- Generated by org.testng.reporters.JUnitXMLReporter -->
<testsuite ignored="0" hostname="NGOCHUY" failures="0" tests="5" name="Test1" time="1.651" errors="0" timestamp="2023-05-11T18:09:24 ICT">
  <testcase classname="testcase.TC_API_Login" name="TC01_Validate200Ok" time="0.009"/>
  <testcase classname="testcase.TC_API_Login" name="TC02_ValidateMessage" time="0.008"/>
  <testcase classname="testcase.TC_API_Login" name="TC03_ValidateToken" time="0.001"/>
  <testcase classname="testcase.TC_API_Login" name="TC05_ValidateUserType" time="0.008"/>
  <testcase classname="testcase.TC_API_Login" name="TC06_ValidateAccount" time="0.014"/>
</testsuite> <!-- Test1 -->
