<?xml version="1.0" encoding="UTF-8"?>
<testng-results ignored="0" total="10" passed="10" failed="0" skipped="0">
  <reporter-output>
  </reporter-output>
  <suite started-at="2023-05-11T18:09:22 ICT" name="Suite" finished-at="2023-05-11T18:09:24 ICT" duration-ms="1810">
    <groups>
    </groups>
    <test started-at="2023-05-11T18:09:22 ICT" name="Test1" finished-at="2023-05-11T18:09:24 ICT" duration-ms="1651">
      <class name="testcase.TC_API_Login">
        <test-method is-config="true" signature="init()[pri:0, instance:testcase.TC_API_Login@618425b5]" started-at="2023-05-11T18:09:22 ICT" name="init" finished-at="2023-05-11T18:09:24 ICT" duration-ms="1586" status="PASS">
          <reporter-output>
          </reporter-output>
        </test-method> <!-- init -->
        <test-method signature="TC01_Validate200Ok()[pri:0, instance:testcase.TC_API_Login@618425b5]" started-at="2023-05-11T18:09:24 ICT" name="TC01_Validate200Ok" finished-at="2023-05-11T18:09:24 ICT" duration-ms="9" status="PASS">
          <reporter-output>
          </reporter-output>
        </test-method> <!-- TC01_Validate200Ok -->
        <test-method signature="TC02_ValidateMessage()[pri:1, instance:testcase.TC_API_Login@618425b5]" started-at="2023-05-11T18:09:24 ICT" name="TC02_ValidateMessage" finished-at="2023-05-11T18:09:24 ICT" duration-ms="8" status="PASS">
          <reporter-output>
          </reporter-output>
        </test-method> <!-- TC02_ValidateMessage -->
        <test-method signature="TC03_ValidateToken()[pri:2, instance:testcase.TC_API_Login@618425b5]" started-at="2023-05-11T18:09:24 ICT" name="TC03_ValidateToken" finished-at="2023-05-11T18:09:24 ICT" duration-ms="1" status="PASS">
          <reporter-output>
          </reporter-output>
        </test-method> <!-- TC03_ValidateToken -->
        <test-method signature="TC05_ValidateUserType()[pri:3, instance:testcase.TC_API_Login@618425b5]" started-at="2023-05-11T18:09:24 ICT" name="TC05_ValidateUserType" finished-at="2023-05-11T18:09:24 ICT" duration-ms="8" status="PASS">
          <reporter-output>
          </reporter-output>
        </test-method> <!-- TC05_ValidateUserType -->
        <test-method signature="TC06_ValidateAccount()[pri:4, instance:testcase.TC_API_Login@618425b5]" started-at="2023-05-11T18:09:24 ICT" name="TC06_ValidateAccount" finished-at="2023-05-11T18:09:24 ICT" duration-ms="14" status="PASS">
          <reporter-output>
          </reporter-output>
        </test-method> <!-- TC06_ValidateAccount -->
      </class> <!-- testcase.TC_API_Login -->
    </test> <!-- Test1 -->
    <test started-at="2023-05-11T18:09:24 ICT" name="Test2" finished-at="2023-05-11T18:09:24 ICT" duration-ms="151">
      <class name="testcase.TC_API_CreateWork">
        <test-method is-config="true" signature="init()[pri:0, instance:testcase.TC_API_CreateWork@47d9a273]" started-at="2023-05-11T18:09:24 ICT" name="init" finished-at="2023-05-11T18:09:24 ICT" duration-ms="114" status="PASS">
          <reporter-output>
          </reporter-output>
        </test-method> <!-- init -->
        <test-method signature="TC01_Validate201Created()[pri:0, instance:testcase.TC_API_CreateWork@47d9a273]" started-at="2023-05-11T18:09:24 ICT" name="TC01_Validate201Created" finished-at="2023-05-11T18:09:24 ICT" duration-ms="1" status="PASS">
          <reporter-output>
          </reporter-output>
        </test-method> <!-- TC01_Validate201Created -->
        <test-method signature="TC02_ValidateWorkId()[pri:1, instance:testcase.TC_API_CreateWork@47d9a273]" started-at="2023-05-11T18:09:24 ICT" name="TC02_ValidateWorkId" finished-at="2023-05-11T18:09:24 ICT" duration-ms="1" status="PASS">
          <reporter-output>
          </reporter-output>
        </test-method> <!-- TC02_ValidateWorkId -->
        <test-method signature="TC03_ValidateNameOfWorkMatched()[pri:2, instance:testcase.TC_API_CreateWork@47d9a273]" started-at="2023-05-11T18:09:24 ICT" name="TC03_ValidateNameOfWorkMatched" finished-at="2023-05-11T18:09:24 ICT" duration-ms="9" status="PASS">
          <reporter-output>
          </reporter-output>
        </test-method> <!-- TC03_ValidateNameOfWorkMatched -->
        <test-method signature="TC03_ValidateExperienceMatched()[pri:3, instance:testcase.TC_API_CreateWork@47d9a273]" started-at="2023-05-11T18:09:24 ICT" name="TC03_ValidateExperienceMatched" finished-at="2023-05-11T18:09:24 ICT" duration-ms="10" status="PASS">
          <reporter-output>
          </reporter-output>
        </test-method> <!-- TC03_ValidateExperienceMatched -->
        <test-method signature="TC03_ValidateEducationMatched()[pri:4, instance:testcase.TC_API_CreateWork@47d9a273]" started-at="2023-05-11T18:09:24 ICT" name="TC03_ValidateEducationMatched" finished-at="2023-05-11T18:09:24 ICT" duration-ms="10" status="PASS">
          <reporter-output>
          </reporter-output>
        </test-method> <!-- TC03_ValidateEducationMatched -->
      </class> <!-- testcase.TC_API_CreateWork -->
    </test> <!-- Test2 -->
  </suite> <!-- Suite -->
</testng-results>
